0 info it worked if it ends with ok
1 verbose cli [ 'node', '/usr/local/bin/npm', 'install', '-g', 'karma' ]
2 info using npm@1.2.21
3 info using node@v0.8.6
4 verbose read json /usr/local/lib/package.json
5 verbose read json /usr/local/lib/package.json
6 verbose cache add [ 'karma', null ]
7 verbose cache add name=undefined spec="karma" args=["karma",null]
8 verbose parsed url { pathname: 'karma', path: 'karma', href: 'karma' }
9 silly lockFile 512423cb-karma karma
10 verbose lock karma /Users/seung/.npm/512423cb-karma.lock
11 silly lockFile 512423cb-karma karma
12 silly lockFile 512423cb-karma karma
13 verbose addNamed [ 'karma', '' ]
14 verbose addNamed [ null, '' ]
15 silly lockFile cd7961bb-karma karma@
16 verbose lock karma@ /Users/seung/.npm/cd7961bb-karma.lock
17 silly addNameRange { name: 'karma', range: '', hasData: false }
18 verbose url raw karma
19 verbose url resolving [ 'https://registry.npmjs.org/', './karma' ]
20 verbose url resolved https://registry.npmjs.org/karma
21 info trying registry request attempt 1 at 01:56:23
22 verbose etag "3TPVIMT8DXTLIE9AZOFYCFC6S"
23 http GET https://registry.npmjs.org/karma
24 http 304 https://registry.npmjs.org/karma
25 silly registry.get cb [ 304,
25 silly registry.get   { server: 'CouchDB/1.3.0 (Erlang OTP/R15B03)',
25 silly registry.get     etag: '"3TPVIMT8DXTLIE9AZOFYCFC6S"',
25 silly registry.get     date: 'Wed, 19 Jun 2013 08:56:17 GMT',
25 silly registry.get     'content-length': '0' } ]
26 verbose etag karma from cache
27 silly addNameRange number 2 { name: 'karma', range: '', hasData: true }
28 silly addNameRange versions [ 'karma',
28 silly addNameRange   [ '0.8.0',
28 silly addNameRange     '0.9.0-dart',
28 silly addNameRange     '0.8.1',
28 silly addNameRange     '0.8.2',
28 silly addNameRange     '0.8.3',
28 silly addNameRange     '0.9.0',
28 silly addNameRange     '0.8.4',
28 silly addNameRange     '0.9.1',
28 silly addNameRange     '0.8.5',
28 silly addNameRange     '0.9.2',
28 silly addNameRange     '0.9.2-dart',
28 silly addNameRange     '0.9.3',
28 silly addNameRange     '0.8.6' ] ]
29 verbose addNamed [ 'karma', '0.8.6' ]
30 verbose addNamed [ '0.8.6', '0.8.6' ]
31 silly lockFile cf160b05-karma-0-8-6 karma@0.8.6
32 verbose lock karma@0.8.6 /Users/seung/.npm/cf160b05-karma-0-8-6.lock
33 verbose read json /Users/seung/.npm/karma/0.8.6/package/package.json
34 silly lockFile cf160b05-karma-0-8-6 karma@0.8.6
35 silly lockFile cf160b05-karma-0-8-6 karma@0.8.6
36 silly lockFile cd7961bb-karma karma@
37 silly lockFile cd7961bb-karma karma@
38 silly resolved [ { name: 'karma',
38 silly resolved     description: 'Spectacular Test Runner for JavaScript.',
38 silly resolved     homepage: 'http://karma-runner.github.com/',
38 silly resolved     bugs: { url: 'https://github.com/karma-runner/karma/issues' },
38 silly resolved     keywords:
38 silly resolved      [ 'karma',
38 silly resolved        'spectacular',
38 silly resolved        'runner',
38 silly resolved        'testacular',
38 silly resolved        'js',
38 silly resolved        'javascript',
38 silly resolved        'testing',
38 silly resolved        'test',
38 silly resolved        'remote',
38 silly resolved        'execution' ],
38 silly resolved     author: { name: 'Vojta Jína', email: 'vojta.jina@gmail.com' },
38 silly resolved     contributors:
38 silly resolved      [ [Object],
38 silly resolved        [Object],
38 silly resolved        [Object],
38 silly resolved        [Object],
38 silly resolved        [Object],
38 silly resolved        [Object],
38 silly resolved        [Object],
38 silly resolved        [Object],
38 silly resolved        [Object],
38 silly resolved        [Object],
38 silly resolved        [Object],
38 silly resolved        [Object],
38 silly resolved        [Object],
38 silly resolved        [Object],
38 silly resolved        [Object],
38 silly resolved        [Object],
38 silly resolved        [Object],
38 silly resolved        [Object],
38 silly resolved        [Object],
38 silly resolved        [Object],
38 silly resolved        [Object],
38 silly resolved        [Object],
38 silly resolved        [Object],
38 silly resolved        [Object],
38 silly resolved        [Object],
38 silly resolved        [Object],
38 silly resolved        [Object],
38 silly resolved        [Object],
38 silly resolved        [Object],
38 silly resolved        [Object],
38 silly resolved        [Object],
38 silly resolved        [Object],
38 silly resolved        [Object],
38 silly resolved        [Object],
38 silly resolved        [Object],
38 silly resolved        [Object],
38 silly resolved        [Object] ],
38 silly resolved     dependencies:
38 silly resolved      { 'socket.io': '~0.9.13',
38 silly resolved        chokidar: '~0.6',
38 silly resolved        glob: '~3.1.21',
38 silly resolved        minimatch: '~0.2',
38 silly resolved        'http-proxy': '~0.10',
38 silly resolved        optimist: '0.3.5',
38 silly resolved        'coffee-script': '~1.6',
38 silly resolved        xmlbuilder: '0.4.2',
38 silly resolved        rimraf: '~2.1',
38 silly resolved        q: '~0.9',
38 silly resolved        LiveScript: '1.0.1',
38 silly resolved        colors: '0.6.0-1',
38 silly resolved        dateformat: '1.0.2-1.2.3',
38 silly resolved        istanbul: '0.1.22',
38 silly resolved        lodash: '~1.1',
38 silly resolved        growly: '~1.1',
38 silly resolved        pause: '0.0.1',
38 silly resolved        mime: '~1.2',
38 silly resolved        log4js: '~0.6.3' },
38 silly resolved     devDependencies:
38 silly resolved      { grunt: '~0.4',
38 silly resolved        'grunt-simple-mocha': 'git://github.com/yaymukund/grunt-simple-mocha.git',
38 silly resolved        'grunt-contrib-jshint': '~0.3',
38 silly resolved        mocks: '~0.0.10',
38 silly resolved        which: '~1.0',
38 silly resolved        'sinon-chai': '~2.3',
38 silly resolved        chai: '~1.5',
38 silly resolved        mocha: '~1.8',
38 silly resolved        sinon: '~1.6',
38 silly resolved        'timer-shim': '~0.2',
38 silly resolved        'chai-as-promised': '~3.2',
38 silly resolved        'mock-http-response': '~0.1',
38 silly resolved        qq: '~0.3' },
38 silly resolved     preferGlobal: true,
38 silly resolved     repository: { type: 'git', url: 'git://github.com/karma-runner/karma.git' },
38 silly resolved     main: './lib/index',
38 silly resolved     bin: { karma: './bin/karma' },
38 silly resolved     engines: { node: '~0.8 || ~0.10' },
38 silly resolved     version: '0.8.6',
38 silly resolved     readme: '# Karma [![Build Status](https://secure.travis-ci.org/karma-runner/karma.png?branch=stable)](http://travis-ci.org/karma-runner/karma) [![Build Status](https://secure.travis-ci.org/karma-runner/karma.png?branch=master)](http://travis-ci.org/karma-runner/karma)\n\nA simple tool that allows you to execute JavaScript code in multiple\n_real_ browsers, powered by [Node.js] and [Socket.io].\n\n> The main purpose of Karma is to make your TDD development easy,\n>  fast, and fun.\n\n\n## When should I use Karma?\n\n* You want to test code in *real* browsers.\n* You want to test code in multiple browsers (desktop, mobile,\n  tablets, etc.).\n* You want to execute your tests locally during development.\n* You want to execute your tests on a continuous integration server.\n* You want to execute your tests on every save.\n* You love your terminal.\n* You don\'t want your (testing) life to suck.\n* You want to use [Istanbul] to automagically generate coverage\n  reports.\n* You want to use [RequireJS] for your source files.\n\n\n## But I still want to use \\_insert testing library\\_\n\nKarma is not a testing framework, neither an assertion library,\nso for that you can use pretty much anything you like. Right now out\nof the box there is support for\n\n* [Mocha]\n* [Jasmine]\n* [QUnit]\n* \\_anything else\\_ Write your own adapter. It\'s not that hard. And we\n  are here to help.\n\n\n## Which Browsers can I use?\n\nAll the major browsers are supported, if you want to know more see the\n[Browsers] page.\n\n\n## I want to use it. Where do I sign?\n\nYou don\'t need to sign anything but here are some resources to help\nyou to get started.\n\n### Obligatory Screencast.\n\nEvery serious project has a screencast, so here is ours.  Just click\n[here] and let the show begin.\n\n### NPM Installation.\n\nIf you have [Node.js] installed, it\'s as simple as\n\n```bash\n$ npm install -g karma\n```\n\nThis will give you the latest stable version available on npm. If you\nwant to live life on the edge you can do so by\n\n```bash\n$ npm install -g karma@canary\n```\n\nThe curious can have a look at the [wiki] articles for\n[Getting Started] and [Versioning].\n\n### Using it.\n\nGo into your project and create a testacular configuration. That is\njust a simple JavaScript or CoffeeScript file that tells Karma\nwhere all the awesomeness of your project are.\n\nYou can find a simple example in\n[test/client/karma.conf.js](https://github.com/karma-runner/karma/blob/master/test/client/karma.conf.js)\nwhich contains most of the options.\n\nTo create your own from scratch there is the `init` command, which\nwill be named `karma.conf.js` by default:\n\n```bash\n$ karma init\n```\nThis will ask you many questions and if you answered them all correct\nyou will be allowed to use Karma.\n\nFor more information on the configuration options see\n[Configuration File Overview].\n\nNow that you have your configuration all that is left to do is to\nstart Karma:\n```bash\n$ karma start\n```\n\nIf you want to run tests manually (without auto watching file changes), you can:\n```bash\n$ karma run\n```\nBut only if you have started the Karma server before.\n\n\n## Why did you create this?\n\nThroughout the development of [AngularJS], we\'ve been using [JSTD] for\ntesting. I really think that JSTD is a great idea. Unfortunately, we\nhad many problems with JSTD, so we decided to write our own test\nrunner based on the same idea. We wanted a simple tool just for\nexecuting JavaScript tests that is both stable and fast. That\'s why we\nuse the awesome [Socket.io] library and [Node.js].\n\n\n## I still don\'t get it. Where can I get help?\n\n* [Wiki]\n* [Mailing List]\n* [Issuetracker]\n* [@JsKarma] on Twitter\n\n## This is so great. I want to help.\n\nSee\n[Contributing.md](https://github.com/karma-runner/karma/blob/master/CONTRIBUTING.md)\nor the [wiki] for more information.\n\n\n## My boss wants a license. So where is it?\n\n### The MIT License\n\n> Copyright (C) 2011-2013 Vojta Jína.\n>\n> Permission is hereby granted, free of charge, to any person\n> obtaining a copy of this software and associated documentation files\n> (the "Software"), to deal in the Software without restriction,\n> including without limitation the rights to use, copy, modify, merge,\n> publish, distribute, sublicense, and/or sell copies of the Software,\n> and to permit persons to whom the Software is furnished to do so,\n> subject to the following conditions:\n>\n> The above copyright notice and this permission notice shall be\n> included in all copies or substantial portions of the Software.\n>\n> THE SOFTWARE IS PROVIDED "AS IS", WITHOUT WARRANTY OF ANY KIND,\n> EXPRESS OR IMPLIED, INCLUDING BUT NOT LIMITED TO THE WARRANTIES OF\n> MERCHANTABILITY, FITNESS FOR A PARTICULAR PURPOSE AND\n> NONINFRINGEMENT. IN NO EVENT SHALL THE AUTHORS OR COPYRIGHT HOLDERS\n> BE LIABLE FOR ANY CLAIM, DAMAGES OR OTHER LIABILITY, WHETHER IN AN\n> ACTION OF CONTRACT, TORT OR OTHERWISE, ARISING FROM, OUT OF OR IN\n> CONNECTION WITH THE SOFTWARE OR THE USE OR OTHER DEALINGS IN THE\n> SOFTWARE.\n\n\n\n[AngularJS]: http://angularjs.org/\n[JSTD]: http://code.google.com/p/js-test-driver/\n[Socket.io]: http://socket.io/\n[Node.js]: http://nodejs.org/\n[Jasmine]: http://pivotal.github.com/jasmine/\n[Mocha]: http://visionmedia.github.com/mocha/\n[QUnit]: http://qunitjs.com/\n[Semantic Versioning]: http://semver.org/\n[here]: http://www.youtube.com/watch?v=MVw8N3hTfCI\n[installers]: http://nodejs.org/download/\n[wiki]: https://github.com/karma-runner/karma/wiki\n[Wiki]: https://github.com/karma-runner/karma/wiki\n[Getting Started]: https://github.com/karma-runner/karma/wiki/Getting-Started\n[Versioning]: https://github.com/karma-runner/karma/wiki/Versioning\n[Configuration File Overview]: https://github.com/karma-runner/karma/wiki/Configuration-File-Overview\n[Mailing List]: https://groups.google.com/forum/#!forum/karma-users\n[Issuetracker]: https://github.com/karma-runner/karma/issues\n[@JsKarma]: http://twitter.com/JsKarma\n[Browsers]: https://github.com/karma-runner/karma/wiki/Browsers\n[RequireJS]: http://requirejs.org/\n[Istanbul]: https://github.com/gotwarlost/istanbul\n\n',
38 silly resolved     readmeFilename: 'README.md',
38 silly resolved     _id: 'karma@0.8.6',
38 silly resolved     _from: 'karma@' } ]
39 info install karma@0.8.6 into /usr/local/lib
40 info installOne karma@0.8.6
41 verbose from cache /Users/seung/.npm/karma/0.8.6/package/package.json
42 info /usr/local/lib/node_modules/karma unbuild
43 verbose read json /usr/local/lib/node_modules/karma/package.json
44 verbose tar unpack /Users/seung/.npm/karma/0.8.6/package.tgz
45 silly lockFile dbe64a29-usr-local-lib-node-modules-karma /usr/local/lib/node_modules/karma
46 verbose lock /usr/local/lib/node_modules/karma /Users/seung/.npm/dbe64a29-usr-local-lib-node-modules-karma.lock
47 silly lockFile 220fe01d-eung-npm-karma-0-8-6-package-tgz /Users/seung/.npm/karma/0.8.6/package.tgz
48 verbose lock /Users/seung/.npm/karma/0.8.6/package.tgz /Users/seung/.npm/220fe01d-eung-npm-karma-0-8-6-package-tgz.lock
49 silly gunzTarPerm modes [ '755', '644' ]
50 error Error: EACCES, mkdir '/usr/local/lib/node_modules/karma'
50 error  { [Error: EACCES, mkdir '/usr/local/lib/node_modules/karma']
50 error   errno: 3,
50 error   code: 'EACCES',
50 error   path: '/usr/local/lib/node_modules/karma',
50 error   fstream_type: 'Directory',
50 error   fstream_path: '/usr/local/lib/node_modules/karma',
50 error   fstream_class: 'DirWriter',
50 error   fstream_stack:
50 error    [ 'DirWriter._create (/usr/local/lib/node_modules/npm/node_modules/fstream/lib/dir-writer.js:36:23)',
50 error      '/usr/local/lib/node_modules/npm/node_modules/mkdirp/index.js:37:53',
50 error      'Object.oncomplete (fs.js:297:15)' ] }
51 error Please try running this command again as root/Administrator.
52 error System Darwin 11.4.2
53 error command "node" "/usr/local/bin/npm" "install" "-g" "karma"
54 error cwd /Users/seung/proj/todo
55 error node -v v0.8.6
56 error npm -v 1.2.21
57 error path /usr/local/lib/node_modules/karma
58 error fstream_path /usr/local/lib/node_modules/karma
59 error fstream_type Directory
60 error fstream_class DirWriter
61 error code EACCES
62 error errno 3
63 error stack Error: EACCES, mkdir '/usr/local/lib/node_modules/karma'
64 error fstream_stack DirWriter._create (/usr/local/lib/node_modules/npm/node_modules/fstream/lib/dir-writer.js:36:23)
64 error fstream_stack /usr/local/lib/node_modules/npm/node_modules/mkdirp/index.js:37:53
64 error fstream_stack Object.oncomplete (fs.js:297:15)
65 verbose exit [ 3, true ]
